<?xml version="1.0" encoding="UTF-8"?>
<!-- Generated by org.testng.reporters.JUnitReportReporter -->
<testsuite hostname="LAPTOP-8MHC8GH8" failures="0" tests="1" name="testCases.TC_006_EndToEndTest" time="38.012" errors="0" timestamp="2024-04-20T16:31:42 EEST" skipped="0">
  <testcase classname="testCases.TC_006_EndToEndTest" name="endToendTest" time="38.012"/>
  <system-out/>
</testsuite> <!-- testCases.TC_006_EndToEndTest -->
