<?xml version="1.0" encoding="UTF-8"?>
<!-- Generated by org.testng.reporters.JUnitReportReporter -->
<testsuite hostname="LAPTOP-8MHC8GH8" failures="0" tests="1" name="testCases.TC_001_AccountRegistrationTest" time="3.673" errors="0" timestamp="2024-04-21T06:17:01 EEST" skipped="0">
  <testcase classname="testCases.TC_001_AccountRegistrationTest" name="verify_account_registration" time="3.673"/>
  <system-out/>
</testsuite> <!-- testCases.TC_001_AccountRegistrationTest -->
