<?xml version="1.0" encoding="UTF-8"?>
<!-- Generated by org.testng.reporters.JUnitReportReporter -->
<testsuite hostname="LAPTOP-8MHC8GH8" failures="0" tests="1" name="testCases.TC_002_LoginTest" time="1.122" errors="0" timestamp="2024-04-21T06:17:01 EEST" skipped="0">
  <testcase classname="testCases.TC_002_LoginTest" name="verify_login" time="1.122"/>
  <system-out/>
</testsuite> <!-- testCases.TC_002_LoginTest -->
