<?xml version="1.0" encoding="UTF-8"?>
<!-- Generated by org.testng.reporters.JUnitReportReporter -->
<testsuite hostname="LAPTOP-8MHC8GH8" failures="0" tests="5" name="testCases.TC_003_LoginDDT" time="33.887" errors="0" timestamp="2024-04-05T05:48:48 EEST" skipped="0">
  <testcase classname="testCases.TC_003_LoginDDT" name="verify_loginDDT" time="10.565"/>
  <system-out/>
  <testcase classname="testCases.TC_003_LoginDDT" name="verify_loginDDT" time="10.654"/>
  <system-out/>
  <testcase classname="testCases.TC_003_LoginDDT" name="verify_loginDDT" time="10.574"/>
  <system-out/>
  <testcase classname="testCases.TC_003_LoginDDT" name="verify_loginDDT" time="0.840"/>
  <system-out/>
  <testcase classname="testCases.TC_003_LoginDDT" name="verify_loginDDT" time="1.254"/>
  <system-out/>
</testsuite> <!-- testCases.TC_003_LoginDDT -->
