<?xml version="1.0" encoding="UTF-8"?>
<!-- Generated by org.testng.reporters.JUnitReportReporter -->
<testsuite hostname="LAPTOP-8MHC8GH8" failures="0" tests="1" name="testCases.TC_005_AddToCartPageTest" time="1.325" errors="0" timestamp="2024-04-20T16:34:47 EEST" skipped="0">
  <testcase classname="testCases.TC_005_AddToCartPageTest" name="verify_addToCart" time="1.325"/>
  <system-out/>
</testsuite> <!-- testCases.TC_005_AddToCartPageTest -->
